<?xml version="1.0" encoding="UTF-8"?>
<!-- Generated by org.testng.reporters.JUnitReportReporter -->
<testsuite hostname="LAPTOP-O8GG5075" failures="0" tests="1" name="com.qa.fb.tests.LoginTest" time="12.047" errors="0" timestamp="2022-08-17T07:29:02 IST" skipped="0">
  <testcase classname="com.qa.fb.tests.LoginTest" name="signUpTest" time="12.047"/>
  <system-out/>
</testsuite> <!-- com.qa.fb.tests.LoginTest -->
